<?xml version="1.0" encoding="UTF-8"?>
<testsuite xmlns:xsi="http://www.w3.org/2001/XMLSchema-instance" xsi:noNamespaceSchemaLocation="https://maven.apache.org/surefire/maven-surefire-plugin/xsd/surefire-test-report.xsd" name="com.credijusto.googlon.GooglonApplicationTests" time="3.598" tests="5" errors="0" skipped="0" failures="0">
  <properties>
[...]
</properties>
  <testcase name="testTextA" classname="com.credijusto.googlon.GooglonApplicationTests" time="0.093"/>
  <testcase name="testTextB" classname="com.credijusto.googlon.GooglonApplicationTests" time="0"/>
  <testcase name="testTextC" classname="com.credijusto.googlon.GooglonApplicationTests" time="0"/>
  <testcase name="testTextD" classname="com.credijusto.googlon.GooglonApplicationTests" time="0"/>
  <testcase name="testTextE" classname="com.credijusto.googlon.GooglonApplicationTests" time="0"/>
</testsuite>